c:\work\code\lenovo wifi\wlan\wirelesshostednetwork\hostednetwork\debug\hostednetwork.pch
c:\work\code\lenovo wifi\wlan\wirelesshostednetwork\hostednetwork\debug\vc120.pdb
c:\work\code\lenovo wifi\wlan\wirelesshostednetwork\hostednetwork\debug\vc120.idb
c:\work\code\lenovo wifi\wlan\wirelesshostednetwork\hostednetwork\debug\stdafx.obj
c:\work\code\lenovo wifi\wlan\wirelesshostednetwork\hostednetwork\debug\device.obj
c:\work\code\lenovo wifi\wlan\wirelesshostednetwork\hostednetwork\debug\hostednetwork.obj
c:\work\code\lenovo wifi\wlan\wirelesshostednetwork\hostednetwork\debug\hostednetworkdlg.obj
c:\work\code\lenovo wifi\wlan\wirelesshostednetwork\hostednetwork\debug\notif.obj
c:\work\code\lenovo wifi\wlan\wirelesshostednetwork\debug\hostednetwork.exe
c:\work\code\lenovo wifi\wlan\wirelesshostednetwork\debug\hostednetwork.pdb
c:\work\code\lenovo wifi\wlan\wirelesshostednetwork\hostednetwork\debug\hostednetwork.res
c:\work\code\lenovo wifi\wlan\wirelesshostednetwork\hostednetwork\debug\hostednetwork.tlog\cl.command.1.tlog
c:\work\code\lenovo wifi\wlan\wirelesshostednetwork\hostednetwork\debug\hostednetwork.tlog\cl.read.1.tlog
c:\work\code\lenovo wifi\wlan\wirelesshostednetwork\hostednetwork\debug\hostednetwork.tlog\cl.write.1.tlog
c:\work\code\lenovo wifi\wlan\wirelesshostednetwork\hostednetwork\debug\hostednetwork.tlog\link.command.1.tlog
c:\work\code\lenovo wifi\wlan\wirelesshostednetwork\hostednetwork\debug\hostednetwork.tlog\link.read.1.tlog
c:\work\code\lenovo wifi\wlan\wirelesshostednetwork\hostednetwork\debug\hostednetwork.tlog\link.write.1.tlog
c:\work\code\lenovo wifi\wlan\wirelesshostednetwork\hostednetwork\debug\hostednetwork.tlog\rc.command.1.tlog
c:\work\code\lenovo wifi\wlan\wirelesshostednetwork\hostednetwork\debug\hostednetwork.tlog\rc.read.1.tlog
c:\work\code\lenovo wifi\wlan\wirelesshostednetwork\hostednetwork\debug\hostednetwork.tlog\rc.write.1.tlog
